2018-10-25 19:53:22,640  WARN [ModalContext] - ScalaProject - Project wordtest has platform default sourceLevel.
2018-10-25 19:53:22,642  WARN [ModalContext] - ScalaProject - Project wordtest runs on platform default installation.
2018-10-25 19:53:23,140  WARN [Worker-0] - ScalaProject - Project wordtest has platform default sourceLevel.
2018-10-25 19:53:23,141  WARN [Worker-0] - ScalaProject - Project wordtest runs on platform default installation.
2018-10-25 19:54:16,912  WARN [main] - org.scala-ide.sdt.core - org.scala-ide.sdt.core - org.scala-ide.sdt.core - 0 - Preference scala.compiler.sourceLevel was uninitialized for wordtest, setting default to 2.12.
2018-10-25 19:57:56,586 ERROR [main] - org.scala-ide.sdt.core - org.scala-ide.sdt.core - org.scala-ide.sdt.core - 0 - An error occurred while trying to create a file.
org.eclipse.core.internal.resources.ResourceException: Resource '/wordtest/src/com/dt/spark/wordtest.scala' already exists.
	at org.eclipse.core.internal.resources.Resource.checkDoesNotExist(Resource.java:314)
	at org.eclipse.core.internal.resources.Resource.checkDoesNotExist(Resource.java:301)
	at org.eclipse.core.internal.resources.File.create(File.java:107)
	at org.eclipse.core.internal.resources.File.create(File.java:181)
	at org.scalaide.util.eclipse.FileUtils$.$anonfun$createFile$1(FileUtils.scala:112)
	at scala.runtime.java8.JFunction0$mcV$sp.apply(JFunction0$mcV$sp.java:12)
	at scala.util.Try$.apply(Try.scala:209)
	at org.scalaide.util.eclipse.FileUtils$.createFile(FileUtils.scala:110)
	at org.scalaide.ui.internal.wizards.NewFileWizard.$anonfun$okPressed$13(NewFileWizard.scala:284)
	at org.scalaide.ui.internal.wizards.NewFileWizard.$anonfun$okPressed$13$adapted(NewFileWizard.scala:283)
	at scala.Option.foreach(Option.scala:257)
	at org.scalaide.ui.internal.wizards.NewFileWizard.okPressed(NewFileWizard.scala:283)
	at org.scalaide.ui.internal.wizards.NewFileWizard.okPressed$(NewFileWizard.scala:230)
	at org.scalaide.ui.internal.wizards.NewFileWizardAdapter$$anon$1.okPressed(NewFileWizardAdapter.scala:28)
	at org.scalaide.ui.internal.wizards.NewFileWizardAdapter.performFinish(NewFileWizardAdapter.scala:55)
	at org.eclipse.jface.wizard.WizardDialog.finishPressed(WizardDialog.java:778)
	at org.eclipse.jface.wizard.WizardDialog.buttonPressed(WizardDialog.java:417)
	at org.eclipse.jface.dialogs.Dialog.lambda$0(Dialog.java:619)
	at org.eclipse.swt.events.SelectionListener$1.widgetSelected(SelectionListener.java:81)
	at org.eclipse.swt.widgets.TypedListener.handleEvent(TypedListener.java:249)
	at org.eclipse.swt.widgets.EventTable.sendEvent(EventTable.java:86)
	at org.eclipse.swt.widgets.Display.sendEvent(Display.java:4428)
	at org.eclipse.swt.widgets.Widget.sendEvent(Widget.java:1079)
	at org.eclipse.swt.widgets.Display.runDeferredEvents(Display.java:4238)
	at org.eclipse.swt.widgets.Display.readAndDispatch(Display.java:3817)
	at org.eclipse.ui.internal.dialogs.EventLoopProgressMonitor.runEventLoop(EventLoopProgressMonitor.java:125)
	at org.eclipse.ui.internal.dialogs.EventLoopProgressMonitor.isCanceled(EventLoopProgressMonitor.java:99)
	at org.eclipse.core.internal.jobs.ThreadJob.isCanceled(ThreadJob.java:144)
	at org.eclipse.core.internal.jobs.ThreadJob.waitForRun(ThreadJob.java:250)
	at org.eclipse.core.internal.jobs.ThreadJob.joinRun(ThreadJob.java:199)
	at org.eclipse.core.internal.jobs.ImplicitJobs.begin(ImplicitJobs.java:92)
	at org.eclipse.core.internal.jobs.JobManager.beginRule(JobManager.java:308)
	at org.eclipse.core.internal.resources.WorkManager.checkIn(WorkManager.java:121)
	at org.eclipse.core.internal.resources.Workspace.prepareOperation(Workspace.java:2188)
	at org.eclipse.core.internal.resources.File.setContents(File.java:334)
	at org.eclipse.core.internal.resources.File.setContents(File.java:434)
	at org.scalaide.ui.internal.wizards.NewFileWizard.openFileInSrcDir$1(NewFileWizard.scala:367)
	at org.scalaide.ui.internal.wizards.NewFileWizard.openEditor(NewFileWizard.scala:375)
	at org.scalaide.ui.internal.wizards.NewFileWizard.$anonfun$okPressed$13(NewFileWizard.scala:287)
	at org.scalaide.ui.internal.wizards.NewFileWizard.$anonfun$okPressed$13$adapted(NewFileWizard.scala:283)
	at scala.Option.foreach(Option.scala:257)
	at org.scalaide.ui.internal.wizards.NewFileWizard.okPressed(NewFileWizard.scala:283)
	at org.scalaide.ui.internal.wizards.NewFileWizard.okPressed$(NewFileWizard.scala:230)
	at org.scalaide.ui.internal.wizards.NewFileWizardAdapter$$anon$1.okPressed(NewFileWizardAdapter.scala:28)
	at org.scalaide.ui.internal.wizards.NewFileWizardAdapter.performFinish(NewFileWizardAdapter.scala:55)
	at org.eclipse.jface.wizard.WizardDialog.finishPressed(WizardDialog.java:778)
	at org.eclipse.jface.wizard.WizardDialog.buttonPressed(WizardDialog.java:417)
	at org.eclipse.jface.dialogs.Dialog.lambda$0(Dialog.java:619)
	at org.eclipse.swt.events.SelectionListener$1.widgetSelected(SelectionListener.java:81)
	at org.eclipse.swt.widgets.TypedListener.handleEvent(TypedListener.java:249)
	at org.eclipse.swt.widgets.EventTable.sendEvent(EventTable.java:86)
	at org.eclipse.swt.widgets.Display.sendEvent(Display.java:4428)
	at org.eclipse.swt.widgets.Widget.sendEvent(Widget.java:1079)
	at org.eclipse.swt.widgets.Display.runDeferredEvents(Display.java:4238)
	at org.eclipse.swt.widgets.Display.readAndDispatch(Display.java:3817)
	at org.eclipse.jface.window.Window.runEventLoop(Window.java:818)
	at org.eclipse.jface.window.Window.open(Window.java:794)
	at org.eclipse.ui.internal.actions.NewWizardShortcutAction.run(NewWizardShortcutAction.java:133)
	at org.eclipse.jface.action.Action.runWithEvent(Action.java:473)
	at org.eclipse.jface.action.ActionContributionItem.handleWidgetSelection(ActionContributionItem.java:565)
	at org.eclipse.jface.action.ActionContributionItem.lambda$4(ActionContributionItem.java:397)
	at org.eclipse.swt.widgets.EventTable.sendEvent(EventTable.java:86)
	at org.eclipse.swt.widgets.Display.sendEvent(Display.java:4428)
	at org.eclipse.swt.widgets.Widget.sendEvent(Widget.java:1079)
	at org.eclipse.swt.widgets.Display.runDeferredEvents(Display.java:4238)
	at org.eclipse.swt.widgets.Display.readAndDispatch(Display.java:3817)
	at org.eclipse.e4.ui.internal.workbench.swt.PartRenderingEngine$5.run(PartRenderingEngine.java:1150)
	at org.eclipse.core.databinding.observable.Realm.runWithDefault(Realm.java:336)
	at org.eclipse.e4.ui.internal.workbench.swt.PartRenderingEngine.run(PartRenderingEngine.java:1039)
	at org.eclipse.e4.ui.internal.workbench.E4Workbench.createAndRunUI(E4Workbench.java:153)
	at org.eclipse.ui.internal.Workbench.lambda$3(Workbench.java:680)
	at org.eclipse.core.databinding.observable.Realm.runWithDefault(Realm.java:336)
	at org.eclipse.ui.internal.Workbench.createAndRunWorkbench(Workbench.java:594)
	at org.eclipse.ui.PlatformUI.createAndRunWorkbench(PlatformUI.java:148)
	at org.eclipse.ui.internal.ide.application.IDEApplication.start(IDEApplication.java:151)
	at org.eclipse.equinox.internal.app.EclipseAppHandle.run(EclipseAppHandle.java:196)
	at org.eclipse.core.runtime.internal.adaptor.EclipseAppLauncher.runApplication(EclipseAppLauncher.java:134)
	at org.eclipse.core.runtime.internal.adaptor.EclipseAppLauncher.start(EclipseAppLauncher.java:104)
	at org.eclipse.core.runtime.adaptor.EclipseStarter.run(EclipseStarter.java:388)
	at org.eclipse.core.runtime.adaptor.EclipseStarter.run(EclipseStarter.java:243)
	at sun.reflect.NativeMethodAccessorImpl.invoke0(Native Method)
	at sun.reflect.NativeMethodAccessorImpl.invoke(Unknown Source)
	at sun.reflect.DelegatingMethodAccessorImpl.invoke(Unknown Source)
	at java.lang.reflect.Method.invoke(Unknown Source)
	at org.eclipse.equinox.launcher.Main.invokeFramework(Main.java:653)
	at org.eclipse.equinox.launcher.Main.basicRun(Main.java:590)
	at org.eclipse.equinox.launcher.Main.run(Main.java:1499)
2018-10-28 16:19:50,089 ERROR [Text Viewer Hover Presenter] - IScalaPresentationCompiler$ - Ignoring InterruptException
2018-10-28 16:19:50,104 ERROR [Text Viewer Hover Presenter] - IScalaPresentationCompiler$ - Ignoring InterruptException
2018-10-28 16:19:50,104 ERROR [Text Viewer Hover Presenter] - IScalaPresentationCompiler$ - Ignoring InterruptException
2018-10-28 20:37:18,334  WARN [org.scalaide.ui.internal.reconciliation.ScalaReconciler] - TraverserImpl$ - Skipping annotation, position length = 0, position offset = 175
2018-10-28 20:37:18,336  WARN [org.scalaide.ui.internal.reconciliation.ScalaReconciler] - TraverserImpl$ - Skipping annotation, position length = 0, position offset = 175
2018-10-28 20:37:20,403  WARN [org.scalaide.ui.internal.reconciliation.ScalaReconciler] - TraverserImpl$ - Skipping annotation, position length = 0, position offset = 175
2018-10-28 20:37:20,404  WARN [org.scalaide.ui.internal.reconciliation.ScalaReconciler] - TraverserImpl$ - Skipping annotation, position length = 0, position offset = 175
2018-10-28 20:37:20,923  WARN [org.scalaide.ui.internal.reconciliation.ScalaReconciler] - TraverserImpl$ - Skipping annotation, position length = 0, position offset = 175
2018-10-28 20:37:20,924  WARN [org.scalaide.ui.internal.reconciliation.ScalaReconciler] - TraverserImpl$ - Skipping annotation, position length = 0, position offset = 175
2018-10-28 20:37:22,476  WARN [org.scalaide.ui.internal.reconciliation.ScalaReconciler] - TraverserImpl$ - Skipping annotation, position length = 0, position offset = 175
2018-10-28 20:37:22,477  WARN [org.scalaide.ui.internal.reconciliation.ScalaReconciler] - TraverserImpl$ - Skipping annotation, position length = 0, position offset = 175
2018-10-28 20:37:25,659  WARN [org.scalaide.ui.internal.reconciliation.ScalaReconciler] - TraverserImpl$ - Skipping annotation, position length = 0, position offset = 175
2018-10-28 20:37:27,684  WARN [org.scalaide.ui.internal.reconciliation.ScalaReconciler] - TraverserImpl$ - Skipping annotation, position length = 0, position offset = 175
2018-10-28 20:37:28,713  WARN [org.scalaide.ui.internal.reconciliation.ScalaReconciler] - TraverserImpl$ - Skipping annotation, position length = 0, position offset = 175
2018-10-28 20:37:29,238  WARN [org.scalaide.ui.internal.reconciliation.ScalaReconciler] - TraverserImpl$ - Skipping annotation, position length = 0, position offset = 175
2018-10-28 20:37:30,264  WARN [org.scalaide.ui.internal.reconciliation.ScalaReconciler] - TraverserImpl$ - Skipping annotation, position length = 0, position offset = 175
2018-10-28 20:37:30,788  WARN [org.scalaide.ui.internal.reconciliation.ScalaReconciler] - TraverserImpl$ - Skipping annotation, position length = 0, position offset = 175
2018-10-28 20:37:31,311  WARN [org.scalaide.ui.internal.reconciliation.ScalaReconciler] - TraverserImpl$ - Skipping annotation, position length = 0, position offset = 175
2018-10-28 20:37:33,871  WARN [org.scalaide.ui.internal.reconciliation.ScalaReconciler] - TraverserImpl$ - Skipping annotation, position length = 0, position offset = 175
2018-10-28 20:37:41,420  WARN [org.scalaide.ui.internal.reconciliation.ScalaReconciler] - TraverserImpl$ - Skipping annotation, position length = 0, position offset = 175
2018-10-28 20:37:41,933  WARN [org.scalaide.ui.internal.reconciliation.ScalaReconciler] - TraverserImpl$ - Skipping annotation, position length = 0, position offset = 175
2018-10-28 20:37:42,453  WARN [org.scalaide.ui.internal.reconciliation.ScalaReconciler] - TraverserImpl$ - Skipping annotation, position length = 0, position offset = 175
2018-10-28 20:37:43,978  WARN [org.scalaide.ui.internal.reconciliation.ScalaReconciler] - TraverserImpl$ - Skipping annotation, position length = 0, position offset = 175
2018-10-28 20:37:44,508  WARN [org.scalaide.ui.internal.reconciliation.ScalaReconciler] - TraverserImpl$ - Skipping annotation, position length = 0, position offset = 175
2018-10-28 20:37:48,648  WARN [org.scalaide.ui.internal.reconciliation.ScalaReconciler] - TraverserImpl$ - Skipping annotation, position length = 0, position offset = 175
2018-10-28 20:37:49,716  WARN [org.scalaide.ui.internal.reconciliation.ScalaReconciler] - TraverserImpl$ - Skipping annotation, position length = 0, position offset = 175
2018-10-28 20:37:51,270  WARN [org.scalaide.ui.internal.reconciliation.ScalaReconciler] - TraverserImpl$ - Skipping annotation, position length = 0, position offset = 175
2018-10-28 20:42:03,835 ERROR [Text Viewer Hover Presenter] - IScalaPresentationCompiler$ - Ignoring InterruptException
2018-10-28 20:42:03,851 ERROR [Text Viewer Hover Presenter] - IScalaPresentationCompiler$ - Ignoring InterruptException
2018-10-28 20:42:03,851 ERROR [Text Viewer Hover Presenter] - IScalaPresentationCompiler$ - Ignoring InterruptException
2018-10-28 20:42:03,851 ERROR [Text Viewer Hover Presenter] - IScalaPresentationCompiler$ - Ignoring InterruptException
2018-10-28 20:45:25,192 ERROR [Text Viewer Hover Presenter] - IScalaPresentationCompiler$ - Ignoring InterruptException
2018-10-28 20:45:25,192 ERROR [Text Viewer Hover Presenter] - IScalaPresentationCompiler$ - Ignoring InterruptException
2018-10-28 20:45:25,192 ERROR [Text Viewer Hover Presenter] - IScalaPresentationCompiler$ - Ignoring InterruptException
2018-10-28 21:09:16,470 ERROR [Text Viewer Hover Presenter] - IScalaPresentationCompiler$ - Ignoring InterruptException
2018-10-28 21:09:16,470 ERROR [Text Viewer Hover Presenter] - IScalaPresentationCompiler$ - Ignoring InterruptException
2018-10-28 21:09:16,470 ERROR [Text Viewer Hover Presenter] - IScalaPresentationCompiler$ - Ignoring InterruptException
2018-10-29 16:22:49,786 ERROR [Text Viewer Hover Presenter] - IScalaPresentationCompiler$ - Ignoring InterruptException
2018-10-29 16:22:49,802 ERROR [Text Viewer Hover Presenter] - IScalaPresentationCompiler$ - Ignoring InterruptException
2018-10-29 16:22:49,802 ERROR [Text Viewer Hover Presenter] - IScalaPresentationCompiler$ - Ignoring InterruptException
2018-10-29 16:23:06,404 ERROR [Text Viewer Hover Presenter] - IScalaPresentationCompiler$ - Ignoring InterruptException
2018-10-29 16:23:06,404 ERROR [Text Viewer Hover Presenter] - IScalaPresentationCompiler$ - Ignoring InterruptException
2018-10-29 16:23:06,404 ERROR [Text Viewer Hover Presenter] - IScalaPresentationCompiler$ - Ignoring InterruptException
2018-10-30 19:10:49,488 ERROR [Text Viewer Hover Presenter] - IScalaPresentationCompiler$ - Ignoring InterruptException
2018-10-30 19:10:49,508 ERROR [Text Viewer Hover Presenter] - IScalaPresentationCompiler$ - Ignoring InterruptException
2018-10-30 19:10:49,508 ERROR [Text Viewer Hover Presenter] - IScalaPresentationCompiler$ - Ignoring InterruptException
2018-10-30 19:21:56,047  WARN [org.scalaide.ui.internal.reconciliation.ScalaReconciler] - ImplicitHighlightingPresenter - Timeout while waiting for `askLoadedTyped` during semantic highlighting.
2018-10-30 19:42:25,915 ERROR [Scala Presentation Compiler [wordtest]] - System.err - scala.reflect.internal.Types$TypeError: illegal cyclic reference involving object Predef
2018-10-30 19:42:25,915 ERROR [Scala Presentation Compiler [wordtest]] - System.err - at scala.reflect.internal.Types.defineBaseClassesOfCompoundType(Types.scala:1591)
2018-10-30 19:42:25,915 ERROR [Scala Presentation Compiler [wordtest]] - System.err - at scala.reflect.internal.Types.define$1(Types.scala:1550)
2018-10-30 19:42:25,915 ERROR [Scala Presentation Compiler [wordtest]] - System.err - at scala.reflect.internal.Types.defineBaseClassesOfCompoundType(Types.scala:1551)
2018-10-30 19:42:25,915 ERROR [Scala Presentation Compiler [wordtest]] - System.err - at scala.reflect.internal.Types.defineBaseClassesOfCompoundType$(Types.scala:1549)
2018-10-30 19:42:25,915 ERROR [Scala Presentation Compiler [wordtest]] - System.err - at scala.reflect.internal.SymbolTable.defineBaseClassesOfCompoundType(SymbolTable.scala:16)
2018-10-30 19:42:25,915 ERROR [Scala Presentation Compiler [wordtest]] - System.err - at scala.reflect.internal.Types$CompoundType.baseClasses(Types.scala:1393)
2018-10-30 19:42:25,915 ERROR [Scala Presentation Compiler [wordtest]] - System.err - at scala.reflect.internal.Types$TypeRef.baseClasses(Types.scala:2300)
2018-10-30 19:42:25,915 ERROR [Scala Presentation Compiler [wordtest]] - System.err - at scala.reflect.internal.Types$SimpleTypeProxy.baseClasses(Types.scala:163)
2018-10-30 19:42:25,931 ERROR [Scala Presentation Compiler [wordtest]] - System.err - at scala.reflect.internal.Types$SimpleTypeProxy.baseClasses$(Types.scala:163)
2018-10-30 19:42:25,931 ERROR [Scala Presentation Compiler [wordtest]] - System.err - at scala.reflect.internal.Types$SingletonType.baseClasses(Types.scala:1095)
2018-10-30 19:42:25,931 ERROR [Scala Presentation Compiler [wordtest]] - System.err - at scala.reflect.internal.tpe.FindMembers$FindMemberBase.<init>(FindMembers.scala:17)
2018-10-30 19:42:25,931 ERROR [Scala Presentation Compiler [wordtest]] - System.err - at scala.reflect.internal.tpe.FindMembers$FindMember.<init>(FindMembers.scala:219)
2018-10-30 19:42:25,931 ERROR [Scala Presentation Compiler [wordtest]] - System.err - at scala.reflect.internal.Types$Type.findMemberInternal$1(Types.scala:1033)
2018-10-30 19:42:25,931 ERROR [Scala Presentation Compiler [wordtest]] - System.err - at scala.reflect.internal.Types$Type.findMember(Types.scala:1035)
2018-10-30 19:42:25,931 ERROR [Scala Presentation Compiler [wordtest]] - System.err - at scala.reflect.internal.tpe.TypeMaps$adaptToNewRunMap$.adaptToNewRun(TypeMaps.scala:1142)
2018-10-30 19:42:25,931 ERROR [Scala Presentation Compiler [wordtest]] - System.err - at scala.reflect.internal.tpe.TypeMaps$adaptToNewRunMap$.apply(TypeMaps.scala:1198)
2018-10-30 19:42:25,931 ERROR [Scala Presentation Compiler [wordtest]] - System.err - at scala.reflect.internal.tpe.TypeMaps$adaptToNewRunMap$.apply(TypeMaps.scala:1127)
2018-10-30 19:42:25,931 ERROR [Scala Presentation Compiler [wordtest]] - System.err - at scala.reflect.internal.tpe.TypeMaps$adaptToNewRunMap$.apply(TypeMaps.scala:1196)
2018-10-30 19:42:25,931 ERROR [Scala Presentation Compiler [wordtest]] - System.err - at scala.reflect.internal.tpe.TypeMaps$adaptToNewRunMap$.apply(TypeMaps.scala:1219)
2018-10-30 19:42:25,931 ERROR [Scala Presentation Compiler [wordtest]] - System.err - at scala.reflect.internal.tpe.TypeMaps$adaptToNewRunMap$.apply(TypeMaps.scala:1223)
2018-10-30 19:42:25,931 ERROR [Scala Presentation Compiler [wordtest]] - System.err - at scala.reflect.internal.Symbols$Symbol.adaptInfos(Symbols.scala:1662)
2018-10-30 19:42:25,931 ERROR [Scala Presentation Compiler [wordtest]] - System.err - at scala.reflect.internal.Symbols$Symbol.rawInfo(Symbols.scala:1614)
2018-10-30 19:42:25,931 ERROR [Scala Presentation Compiler [wordtest]] - System.err - at scala.reflect.internal.Symbols$Symbol.info(Symbols.scala:1541)
2018-10-30 19:42:25,931 ERROR [Scala Presentation Compiler [wordtest]] - System.err - at scala.reflect.internal.Symbols$Symbol.tpe_$times(Symbols.scala:1495)
2018-10-30 19:42:25,931 ERROR [Scala Presentation Compiler [wordtest]] - System.err - at scala.reflect.internal.Symbols$Symbol.tpe(Symbols.scala:1460)
2018-10-30 19:42:25,931 ERROR [Scala Presentation Compiler [wordtest]] - System.err - at scala.tools.nsc.interactive.Global.liftedTree1$1(Global.scala:868)
2018-10-30 19:42:25,931 ERROR [Scala Presentation Compiler [wordtest]] - System.err - at scala.tools.nsc.interactive.Global.$anonfun$findMirrorSymbol$1(Global.scala:866)
2018-10-30 19:42:25,931 ERROR [Scala Presentation Compiler [wordtest]] - System.err - at scala.tools.nsc.interactive.Global.$anonfun$findMirrorSymbol$1$adapted(Global.scala:864)
2018-10-30 19:42:25,931 ERROR [Scala Presentation Compiler [wordtest]] - System.err - at scala.reflect.internal.Symbols$Symbol.filter(Symbols.scala:1965)
2018-10-30 19:42:25,931 ERROR [Scala Presentation Compiler [wordtest]] - System.err - at scala.tools.nsc.interactive.Global.findMirrorSymbol(Global.scala:864)
2018-10-30 19:42:25,931 ERROR [Scala Presentation Compiler [wordtest]] - System.err - at scala.tools.nsc.interactive.Global.$anonfun$getDocComment$5$adapted(Global.scala:935)
2018-10-30 19:42:25,931 ERROR [Scala Presentation Compiler [wordtest]] - System.err - at scala.collection.TraversableLike$WithFilter.$anonfun$foreach$1(TraversableLike.scala:789)
2018-10-30 19:42:25,931 ERROR [Scala Presentation Compiler [wordtest]] - System.err - at scala.collection.immutable.List.foreach(List.scala:389)
2018-10-30 19:42:25,931 ERROR [Scala Presentation Compiler [wordtest]] - System.err - at scala.collection.TraversableLike$WithFilter.foreach(TraversableLike.scala:788)
2018-10-30 19:42:25,931 ERROR [Scala Presentation Compiler [wordtest]] - System.err - at scala.tools.nsc.interactive.Global.$anonfun$getDocComment$3(Global.scala:934)
2018-10-30 19:42:25,931 ERROR [Scala Presentation Compiler [wordtest]] - System.err - at scala.tools.nsc.interactive.Global.$anonfun$getDocComment$2(Global.scala:846)
2018-10-30 19:42:25,931 ERROR [Scala Presentation Compiler [wordtest]] - System.err - at scala.tools.nsc.interactive.Global.$anonfun$respond$1(Global.scala:688)
2018-10-30 19:42:25,931 ERROR [Scala Presentation Compiler [wordtest]] - System.err - at scala.tools.nsc.interactive.Global.respondGradually(Global.scala:695)
2018-10-30 19:42:25,931 ERROR [Scala Presentation Compiler [wordtest]] - System.err - at scala.tools.nsc.interactive.Global.respond(Global.scala:688)
2018-10-30 19:42:25,931 ERROR [Scala Presentation Compiler [wordtest]] - System.err - at scala.tools.nsc.interactive.Global.getDocComment(Global.scala:933)
2018-10-30 19:42:25,931 ERROR [Scala Presentation Compiler [wordtest]] - System.err - at scala.tools.nsc.interactive.CompilerControl$AskDocCommentItem.apply$mcV$sp(CompilerControl.scala:383)
2018-10-30 19:42:25,931 ERROR [Scala Presentation Compiler [wordtest]] - System.err - at scala.tools.nsc.interactive.Global.$anonfun$pollForWork$1(Global.scala:493)
2018-10-30 19:42:25,931 ERROR [Scala Presentation Compiler [wordtest]] - System.err - at scala.tools.nsc.interactive.Global.pollForWork(Global.scala:418)
2018-10-30 19:42:25,931 ERROR [Scala Presentation Compiler [wordtest]] - System.err - at scala.tools.nsc.interactive.PresentationCompilerThread.run(PresentationCompilerThread.scala:22)
2018-10-30 19:42:25,931 ERROR [Scala Presentation Compiler [wordtest]] - System.err - scala.reflect.internal.Types$TypeError: illegal cyclic reference involving object Predef
2018-10-30 19:42:25,932 ERROR [Scala Presentation Compiler [wordtest]] - System.err - at scala.reflect.internal.Types.defineBaseClassesOfCompoundType(Types.scala:1591)
2018-10-30 19:42:25,932 ERROR [Scala Presentation Compiler [wordtest]] - System.err - at scala.reflect.internal.Types.define$1(Types.scala:1550)
2018-10-30 19:42:25,932 ERROR [Scala Presentation Compiler [wordtest]] - System.err - at scala.reflect.internal.Types.defineBaseClassesOfCompoundType(Types.scala:1551)
2018-10-30 19:42:25,932 ERROR [Scala Presentation Compiler [wordtest]] - System.err - at scala.reflect.internal.Types.defineBaseClassesOfCompoundType$(Types.scala:1549)
2018-10-30 19:42:25,932 ERROR [Scala Presentation Compiler [wordtest]] - System.err - at scala.reflect.internal.SymbolTable.defineBaseClassesOfCompoundType(SymbolTable.scala:16)
2018-10-30 19:42:25,932 ERROR [Scala Presentation Compiler [wordtest]] - System.err - at scala.reflect.internal.Types$CompoundType.baseClasses(Types.scala:1393)
2018-10-30 19:42:25,932 ERROR [Scala Presentation Compiler [wordtest]] - System.err - at scala.reflect.internal.Types$TypeRef.baseClasses(Types.scala:2300)
2018-10-30 19:42:25,932 ERROR [Scala Presentation Compiler [wordtest]] - System.err - at scala.reflect.internal.Types$SimpleTypeProxy.baseClasses(Types.scala:163)
2018-10-30 19:42:25,932 ERROR [Scala Presentation Compiler [wordtest]] - System.err - at scala.reflect.internal.Types$SimpleTypeProxy.baseClasses$(Types.scala:163)
2018-10-30 19:42:25,932 ERROR [Scala Presentation Compiler [wordtest]] - System.err - at scala.reflect.internal.Types$SingletonType.baseClasses(Types.scala:1095)
2018-10-30 19:42:25,932 ERROR [Scala Presentation Compiler [wordtest]] - System.err - at scala.reflect.internal.tpe.FindMembers$FindMemberBase.<init>(FindMembers.scala:17)
2018-10-30 19:42:25,932 ERROR [Scala Presentation Compiler [wordtest]] - System.err - at scala.reflect.internal.tpe.FindMembers$FindMember.<init>(FindMembers.scala:219)
2018-10-30 19:42:25,932 ERROR [Scala Presentation Compiler [wordtest]] - System.err - at scala.reflect.internal.Types$Type.findMemberInternal$1(Types.scala:1033)
2018-10-30 19:42:25,932 ERROR [Scala Presentation Compiler [wordtest]] - System.err - at scala.reflect.internal.Types$Type.findMember(Types.scala:1035)
2018-10-30 19:42:25,932 ERROR [Scala Presentation Compiler [wordtest]] - System.err - at scala.reflect.internal.tpe.TypeMaps$adaptToNewRunMap$.adaptToNewRun(TypeMaps.scala:1142)
2018-10-30 19:42:25,932 ERROR [Scala Presentation Compiler [wordtest]] - System.err - at scala.reflect.internal.tpe.TypeMaps$adaptToNewRunMap$.apply(TypeMaps.scala:1198)
2018-10-30 19:42:25,932 ERROR [Scala Presentation Compiler [wordtest]] - System.err - at scala.reflect.internal.tpe.TypeMaps$adaptToNewRunMap$.apply(TypeMaps.scala:1127)
2018-10-30 19:42:25,932 ERROR [Scala Presentation Compiler [wordtest]] - System.err - at scala.reflect.internal.tpe.TypeMaps$adaptToNewRunMap$.apply(TypeMaps.scala:1196)
2018-10-30 19:42:25,932 ERROR [Scala Presentation Compiler [wordtest]] - System.err - at scala.reflect.internal.tpe.TypeMaps$adaptToNewRunMap$.apply(TypeMaps.scala:1219)
2018-10-30 19:42:25,932 ERROR [Scala Presentation Compiler [wordtest]] - System.err - at scala.reflect.internal.tpe.TypeMaps$adaptToNewRunMap$.apply(TypeMaps.scala:1223)
2018-10-30 19:42:25,932 ERROR [Scala Presentation Compiler [wordtest]] - System.err - at scala.tools.nsc.interactive.Global.liftedTree1$1(Global.scala:868)
2018-10-30 19:42:25,932 ERROR [Scala Presentation Compiler [wordtest]] - System.err - at scala.tools.nsc.interactive.Global.$anonfun$findMirrorSymbol$1(Global.scala:866)
2018-10-30 19:42:25,932 ERROR [Scala Presentation Compiler [wordtest]] - System.err - at scala.tools.nsc.interactive.Global.$anonfun$findMirrorSymbol$1$adapted(Global.scala:864)
2018-10-30 19:42:25,932 ERROR [Scala Presentation Compiler [wordtest]] - System.err - at scala.reflect.internal.Symbols$Symbol.filter(Symbols.scala:1965)
2018-10-30 19:42:25,932 ERROR [Scala Presentation Compiler [wordtest]] - System.err - at scala.tools.nsc.interactive.Global.findMirrorSymbol(Global.scala:864)
2018-10-30 19:42:25,932 ERROR [Scala Presentation Compiler [wordtest]] - System.err - at scala.tools.nsc.interactive.Global.$anonfun$getDocComment$3(Global.scala:938)
2018-10-30 19:42:25,932 ERROR [Scala Presentation Compiler [wordtest]] - System.err - at scala.tools.nsc.interactive.Global.$anonfun$getDocComment$2(Global.scala:846)
2018-10-30 19:42:25,932 ERROR [Scala Presentation Compiler [wordtest]] - System.err - at scala.tools.nsc.interactive.Global.$anonfun$respond$1(Global.scala:688)
2018-10-30 19:42:25,932 ERROR [Scala Presentation Compiler [wordtest]] - System.err - at scala.tools.nsc.interactive.Global.respondGradually(Global.scala:695)
2018-10-30 19:42:25,932 ERROR [Scala Presentation Compiler [wordtest]] - System.err - at scala.tools.nsc.interactive.Global.respond(Global.scala:688)
2018-10-30 19:42:25,932 ERROR [Scala Presentation Compiler [wordtest]] - System.err - at scala.tools.nsc.interactive.Global.getDocComment(Global.scala:933)
2018-10-30 19:42:25,932 ERROR [Scala Presentation Compiler [wordtest]] - System.err - at scala.tools.nsc.interactive.CompilerControl$AskDocCommentItem.apply$mcV$sp(CompilerControl.scala:383)
2018-10-30 19:42:25,932 ERROR [Scala Presentation Compiler [wordtest]] - System.err - at scala.tools.nsc.interactive.Global.$anonfun$pollForWork$1(Global.scala:493)
2018-10-30 19:42:25,932 ERROR [Scala Presentation Compiler [wordtest]] - System.err - at scala.tools.nsc.interactive.Global.pollForWork(Global.scala:418)
2018-10-30 19:42:25,932 ERROR [Scala Presentation Compiler [wordtest]] - System.err - at scala.tools.nsc.interactive.PresentationCompilerThread.run(PresentationCompilerThread.scala:22)
2018-10-30 19:49:54,558  WARN [org.scalaide.ui.internal.reconciliation.ScalaReconciler] - TraverserImpl$ - Skipping annotation, position length = 0, position offset = 2278
2018-10-30 19:49:55,104  WARN [org.scalaide.ui.internal.reconciliation.ScalaReconciler] - TraverserImpl$ - Skipping annotation, position length = 0, position offset = 2278
2018-10-30 19:50:10,871  WARN [org.scalaide.ui.internal.reconciliation.ScalaReconciler] - TraverserImpl$ - Skipping annotation, position length = 0, position offset = 2285
2018-10-30 19:51:04,006  WARN [org.scalaide.ui.internal.reconciliation.ScalaReconciler] - TraverserImpl$ - Skipping annotation, position length = 0, position offset = 2316
2018-10-30 19:51:04,571  WARN [org.scalaide.ui.internal.reconciliation.ScalaReconciler] - TraverserImpl$ - Skipping annotation, position length = 0, position offset = 2316
2018-10-31 14:52:54,714  WARN [org.scalaide.ui.internal.reconciliation.ScalaReconciler] - CallByNameParamAtCreationPresenter - Timeout while waiting for `askLoadedTyped` during semantic highlighting.
2018-10-31 14:54:15,524 ERROR [Text Viewer Hover Presenter] - IScalaPresentationCompiler$ - Ignoring InterruptException
2018-10-31 14:54:15,525 ERROR [Text Viewer Hover Presenter] - IScalaPresentationCompiler$ - Ignoring InterruptException
2018-10-31 14:54:15,525 ERROR [Text Viewer Hover Presenter] - IScalaPresentationCompiler$ - Ignoring InterruptException
2018-10-31 15:50:17,758 ERROR [Text Viewer Hover Presenter] - IScalaPresentationCompiler$ - Ignoring InterruptException
2018-10-31 15:50:17,758 ERROR [Text Viewer Hover Presenter] - IScalaPresentationCompiler$ - Ignoring InterruptException
2018-10-31 15:50:17,759 ERROR [Text Viewer Hover Presenter] - IScalaPresentationCompiler$ - Ignoring InterruptException
2018-11-01 09:31:21,397 ERROR [Text Viewer Hover Presenter] - IScalaPresentationCompiler$ - Ignoring InterruptException
2018-11-01 09:31:21,522 ERROR [Text Viewer Hover Presenter] - IScalaPresentationCompiler$ - Ignoring InterruptException
2018-11-03 06:38:42,148 ERROR [Text Viewer Hover Presenter] - IScalaPresentationCompiler$ - Ignoring InterruptException
2018-11-03 06:38:42,211 ERROR [Text Viewer Hover Presenter] - IScalaPresentationCompiler$ - Ignoring InterruptException
2018-11-03 06:38:42,211 ERROR [Text Viewer Hover Presenter] - IScalaPresentationCompiler$ - Ignoring InterruptException
2018-11-03 06:41:55,021 ERROR [Text Viewer Hover Presenter] - IScalaPresentationCompiler$ - Ignoring InterruptException
2018-11-03 06:41:55,021 ERROR [Text Viewer Hover Presenter] - IScalaPresentationCompiler$ - Ignoring InterruptException
2018-11-03 06:41:55,021 ERROR [Text Viewer Hover Presenter] - IScalaPresentationCompiler$ - Ignoring InterruptException
2018-11-03 06:41:55,021 ERROR [Text Viewer Hover Presenter] - IScalaPresentationCompiler$ - Ignoring InterruptException
2018-11-03 06:41:55,021 ERROR [Text Viewer Hover Presenter] - IScalaPresentationCompiler$ - Ignoring InterruptException
2018-11-03 06:41:55,021 ERROR [Text Viewer Hover Presenter] - IScalaPresentationCompiler$ - Ignoring InterruptException
2018-11-03 06:41:55,021 ERROR [Text Viewer Hover Presenter] - IScalaPresentationCompiler$ - Ignoring InterruptException
2018-11-03 06:41:55,021 ERROR [Text Viewer Hover Presenter] - IScalaPresentationCompiler$ - Ignoring InterruptException
2018-11-03 06:41:55,021 ERROR [Text Viewer Hover Presenter] - IScalaPresentationCompiler$ - Ignoring InterruptException
2018-11-03 06:41:55,021 ERROR [Text Viewer Hover Presenter] - IScalaPresentationCompiler$ - Ignoring InterruptException
2018-11-03 06:41:55,021 ERROR [Text Viewer Hover Presenter] - IScalaPresentationCompiler$ - Ignoring InterruptException
2018-11-03 06:41:55,021 ERROR [Text Viewer Hover Presenter] - IScalaPresentationCompiler$ - Ignoring InterruptException
2018-11-03 06:41:55,021 ERROR [Text Viewer Hover Presenter] - IScalaPresentationCompiler$ - Ignoring InterruptException
2018-11-03 06:41:55,021 ERROR [Text Viewer Hover Presenter] - IScalaPresentationCompiler$ - Ignoring InterruptException
2018-11-03 06:41:55,021 ERROR [Text Viewer Hover Presenter] - IScalaPresentationCompiler$ - Ignoring InterruptException
2018-11-03 06:41:55,021 ERROR [Text Viewer Hover Presenter] - IScalaPresentationCompiler$ - Ignoring InterruptException
2018-11-03 06:41:55,021 ERROR [Text Viewer Hover Presenter] - IScalaPresentationCompiler$ - Ignoring InterruptException
